<?xml version="1.0" encoding="UTF-8"?>
<!-- Generated by org.testng.reporters.JUnitXMLReporter -->
<testsuite hostname="Hilmi" ignored="0" name="Default test" tests="2" failures="0" timestamp="2022-08-12T23:10:25 ICT" time="7.342" errors="0">
  <testcase name="ConfigAPI" time="1.351" classname="com.testing.qa.JLabsAssignment.Assignment5.APITestAfterRefactor"/>
  <testcase name="getNewUsersAPI" time="1.618" classname="com.testing.qa.JLabsAssignment.Assignment5.APITestAfterRefactor"/>
</testsuite> <!-- Default test -->
